02-Jan-2016 09:59:58.576 INFO [main] org.apache.catalina.startup.VersionLoggerListener.log Server version:        Apache Tomcat/9.0.0.M1
02-Jan-2016 09:59:58.578 INFO [main] org.apache.catalina.startup.VersionLoggerListener.log Server built:          Nov 12 2015 22:05:52 UTC
02-Jan-2016 09:59:58.579 INFO [main] org.apache.catalina.startup.VersionLoggerListener.log Server number:         9.0.0.0
02-Jan-2016 09:59:58.579 INFO [main] org.apache.catalina.startup.VersionLoggerListener.log OS Name:               Linux
02-Jan-2016 09:59:58.579 INFO [main] org.apache.catalina.startup.VersionLoggerListener.log OS Version:            3.13.0-71-generic
02-Jan-2016 09:59:58.579 INFO [main] org.apache.catalina.startup.VersionLoggerListener.log Architecture:          amd64
02-Jan-2016 09:59:58.579 INFO [main] org.apache.catalina.startup.VersionLoggerListener.log Java Home:             /usr/local/jdk1.8.0_40/jre
02-Jan-2016 09:59:58.579 INFO [main] org.apache.catalina.startup.VersionLoggerListener.log JVM Version:           1.8.0_40-b26
02-Jan-2016 09:59:58.580 INFO [main] org.apache.catalina.startup.VersionLoggerListener.log JVM Vendor:            Oracle Corporation
02-Jan-2016 09:59:58.580 INFO [main] org.apache.catalina.startup.VersionLoggerListener.log CATALINA_BASE:         /home/elias670/workspace/Europeana_Music_Channel/apache-tomcat-9.0.0
02-Jan-2016 09:59:58.580 INFO [main] org.apache.catalina.startup.VersionLoggerListener.log CATALINA_HOME:         /home/elias670/workspace/Europeana_Music_Channel/apache-tomcat-9.0.0
02-Jan-2016 09:59:58.580 INFO [main] org.apache.catalina.startup.VersionLoggerListener.log Command line argument: -Djava.util.logging.config.file=/home/elias670/workspace/Europeana_Music_Channel/apache-tomcat-9.0.0/conf/logging.properties
02-Jan-2016 09:59:58.580 INFO [main] org.apache.catalina.startup.VersionLoggerListener.log Command line argument: -Djava.util.logging.manager=org.apache.juli.ClassLoaderLogManager
02-Jan-2016 09:59:58.581 INFO [main] org.apache.catalina.startup.VersionLoggerListener.log Command line argument: -Dcatalina.base=/home/elias670/workspace/Europeana_Music_Channel/apache-tomcat-9.0.0
02-Jan-2016 09:59:58.581 INFO [main] org.apache.catalina.startup.VersionLoggerListener.log Command line argument: -Dcatalina.home=/home/elias670/workspace/Europeana_Music_Channel/apache-tomcat-9.0.0
02-Jan-2016 09:59:58.581 INFO [main] org.apache.catalina.startup.VersionLoggerListener.log Command line argument: -Djava.io.tmpdir=/home/elias670/workspace/Europeana_Music_Channel/apache-tomcat-9.0.0/temp
02-Jan-2016 09:59:58.581 INFO [main] org.apache.catalina.core.AprLifecycleListener.lifecycleEvent The APR based Apache Tomcat Native library which allows optimal performance in production environments was not found on the java.library.path: /usr/java/packages/lib/amd64:/usr/lib64:/lib64:/lib:/usr/lib
02-Jan-2016 09:59:58.743 INFO [main] org.apache.coyote.AbstractProtocol.init Initializing ProtocolHandler ["http-nio-8080"]
02-Jan-2016 09:59:58.762 INFO [main] org.apache.tomcat.util.net.NioSelectorPool.getSharedSelector Using a shared selector for servlet write/read
02-Jan-2016 09:59:58.766 INFO [main] org.apache.coyote.AbstractProtocol.init Initializing ProtocolHandler ["ajp-nio-8009"]
02-Jan-2016 09:59:58.767 INFO [main] org.apache.tomcat.util.net.NioSelectorPool.getSharedSelector Using a shared selector for servlet write/read
02-Jan-2016 09:59:58.768 INFO [main] org.apache.catalina.startup.Catalina.load Initialization processed in 601 ms
02-Jan-2016 09:59:58.799 INFO [main] org.apache.catalina.core.StandardService.startInternal Starting service Catalina
02-Jan-2016 09:59:58.799 INFO [main] org.apache.catalina.core.StandardEngine.startInternal Starting Servlet Engine: Apache Tomcat/9.0.0.M1
02-Jan-2016 09:59:58.814 INFO [localhost-startStop-1] org.apache.catalina.startup.HostConfig.deployDirectory Deploying web application directory /home/elias670/workspace/Europeana_Music_Channel/apache-tomcat-9.0.0/webapps/manager
02-Jan-2016 09:59:59.124 INFO [localhost-startStop-1] org.apache.catalina.startup.HostConfig.deployDirectory Deployment of web application directory /home/elias670/workspace/Europeana_Music_Channel/apache-tomcat-9.0.0/webapps/manager has finished in 310 ms
02-Jan-2016 09:59:59.124 INFO [localhost-startStop-1] org.apache.catalina.startup.HostConfig.deployDirectory Deploying web application directory /home/elias670/workspace/Europeana_Music_Channel/apache-tomcat-9.0.0/webapps/examples
02-Jan-2016 09:59:59.439 INFO [localhost-startStop-1] org.apache.catalina.startup.HostConfig.deployDirectory Deployment of web application directory /home/elias670/workspace/Europeana_Music_Channel/apache-tomcat-9.0.0/webapps/examples has finished in 315 ms
02-Jan-2016 09:59:59.440 INFO [localhost-startStop-1] org.apache.catalina.startup.HostConfig.deployDirectory Deploying web application directory /home/elias670/workspace/Europeana_Music_Channel/apache-tomcat-9.0.0/webapps/host-manager
02-Jan-2016 09:59:59.465 INFO [localhost-startStop-1] org.apache.catalina.startup.HostConfig.deployDirectory Deployment of web application directory /home/elias670/workspace/Europeana_Music_Channel/apache-tomcat-9.0.0/webapps/host-manager has finished in 25 ms
02-Jan-2016 09:59:59.465 INFO [localhost-startStop-1] org.apache.catalina.startup.HostConfig.deployDirectory Deploying web application directory /home/elias670/workspace/Europeana_Music_Channel/apache-tomcat-9.0.0/webapps/docs
02-Jan-2016 09:59:59.485 INFO [localhost-startStop-1] org.apache.catalina.startup.HostConfig.deployDirectory Deployment of web application directory /home/elias670/workspace/Europeana_Music_Channel/apache-tomcat-9.0.0/webapps/docs has finished in 20 ms
02-Jan-2016 09:59:59.486 INFO [localhost-startStop-1] org.apache.catalina.startup.HostConfig.deployDirectory Deploying web application directory /home/elias670/workspace/Europeana_Music_Channel/apache-tomcat-9.0.0/webapps/ROOT
02-Jan-2016 09:59:59.505 INFO [localhost-startStop-1] org.apache.catalina.startup.HostConfig.deployDirectory Deployment of web application directory /home/elias670/workspace/Europeana_Music_Channel/apache-tomcat-9.0.0/webapps/ROOT has finished in 18 ms
02-Jan-2016 09:59:59.508 INFO [main] org.apache.coyote.AbstractProtocol.start Starting ProtocolHandler [http-nio-8080]
02-Jan-2016 09:59:59.516 INFO [main] org.apache.coyote.AbstractProtocol.start Starting ProtocolHandler [ajp-nio-8009]
02-Jan-2016 09:59:59.520 INFO [main] org.apache.catalina.startup.Catalina.start Server startup in 752 ms
